<?xml version="1.0" encoding="UTF-8"?>
<!-- Generated by org.testng.reporters.JUnitXMLReporter -->
<testsuite hostname="DESKTOP-V5FJPD9" ignored="0" name="Default test" tests="2" failures="0" timestamp="02 Aug 2019 07:34:31 GMT" time="32.035" errors="0">
  <testcase name="Loginpage" time="0.955" classname="dataProvidersPractice.dataProvidersPractice.TestNgLogin"/>
  <testcase name="login" time="0.004" classname="dataProvidersPractice.dataProvidersPractice.TestNgLogin"/>
</testsuite> <!-- Default test -->
